<?xml version="1.0" encoding="UTF-8"?>
<!-- Generated by org.testng.reporters.JUnitXMLReporter -->
<testsuite hostname="Mds-MBP-3.home" ignored="0" name="Surefire test" tests="2" failures="1" timestamp="14 Oct 2018 02:50:41 GMT" time="11.917" errors="0">
  <testcase name="failedTest" time="0.002" classname="TestTableDataRead.TableDataReadTest">
    <failure type="java.lang.AssertionError" message="expected [65] but found [null]">
      <![CDATA[java.lang.AssertionError: expected [65] but found [null]
at ReadingTableData.ReadDataFromTable.failed(ReadDataFromTable.java:21)
at TestTableDataRead.TableDataReadTest.failedTest(TableDataReadTest.java:18)
... Removed 36 stack frames]]>
    </failure>
  </testcase> <!-- failedTest -->
  <testcase name="tableRead" time="9.799" classname="TestTableDataRead.TableDataReadTest"/>
</testsuite> <!-- Surefire test -->
