<?xml version="1.0" encoding="UTF-8"?>
<testng-results skipped="0" failed="1" ignored="0" total="2" passed="1">
  <reporter-output>
  </reporter-output>
  <suite name="Surefire suite" duration-ms="11917" started-at="2018-10-14T02:50:29Z" finished-at="2018-10-14T02:50:41Z">
    <groups>
    </groups>
    <test name="Surefire test" duration-ms="11917" started-at="2018-10-14T02:50:29Z" finished-at="2018-10-14T02:50:41Z">
      <class name="TestTableDataRead.TableDataReadTest">
        <test-method status="PASS" signature="SetUpDriver()[pri:0, instance:TestTableDataRead.TableDataReadTest@13a57a3b]" name="SetUpDriver" is-config="true" duration-ms="1195" started-at="2018-10-14T02:50:29Z" finished-at="2018-10-14T02:50:31Z">
          <reporter-output>
          </reporter-output>
        </test-method> <!-- SetUpDriver -->
        <test-method status="FAIL" signature="failedTest()[pri:0, instance:TestTableDataRead.TableDataReadTest@13a57a3b]" name="failedTest" duration-ms="2" started-at="2018-10-14T02:50:31Z" finished-at="2018-10-14T02:50:31Z">
          <exception class="java.lang.AssertionError">
            <message>
              <![CDATA[expected [65] but found [null]]]>
            </message>
            <full-stacktrace>
              <![CDATA[java.lang.AssertionError: expected [65] but found [null]
at org.testng.Assert.fail(Assert.java:96)
at org.testng.Assert.failNotEquals(Assert.java:776)
at org.testng.Assert.assertEqualsImpl(Assert.java:132)
at org.testng.Assert.assertEquals(Assert.java:118)
at org.testng.Assert.assertEquals(Assert.java:453)
at org.testng.Assert.assertEquals(Assert.java:463)
at ReadingTableData.ReadDataFromTable.failed(ReadDataFromTable.java:21)
at TestTableDataRead.TableDataReadTest.failedTest(TableDataReadTest.java:18)
at sun.reflect.NativeMethodAccessorImpl.invoke0(Native Method)
at sun.reflect.NativeMethodAccessorImpl.invoke(NativeMethodAccessorImpl.java:62)
at sun.reflect.DelegatingMethodAccessorImpl.invoke(DelegatingMethodAccessorImpl.java:43)
at java.lang.reflect.Method.invoke(Method.java:498)
at org.testng.internal.MethodInvocationHelper.invokeMethod(MethodInvocationHelper.java:124)
at org.testng.internal.Invoker.invokeMethod(Invoker.java:583)
at org.testng.internal.Invoker.invokeTestMethod(Invoker.java:719)
at org.testng.internal.Invoker.invokeTestMethods(Invoker.java:989)
at org.testng.internal.TestMethodWorker.invokeTestMethods(TestMethodWorker.java:125)
at org.testng.internal.TestMethodWorker.run(TestMethodWorker.java:109)
at org.testng.TestRunner.privateRun(TestRunner.java:648)
at org.testng.TestRunner.run(TestRunner.java:505)
at org.testng.SuiteRunner.runTest(SuiteRunner.java:455)
at org.testng.SuiteRunner.runSequentially(SuiteRunner.java:450)
at org.testng.SuiteRunner.privateRun(SuiteRunner.java:415)
at org.testng.SuiteRunner.run(SuiteRunner.java:364)
at org.testng.SuiteRunnerWorker.runSuite(SuiteRunnerWorker.java:52)
at org.testng.SuiteRunnerWorker.run(SuiteRunnerWorker.java:84)
at org.testng.TestNG.runSuitesSequentially(TestNG.java:1208)
at org.testng.TestNG.runSuitesLocally(TestNG.java:1137)
at org.testng.TestNG.runSuites(TestNG.java:1049)
at org.testng.TestNG.run(TestNG.java:1017)
at org.apache.maven.surefire.testng.TestNGExecutor.run(TestNGExecutor.java:135)
at org.apache.maven.surefire.testng.TestNGDirectoryTestSuite.executeSingleClass(TestNGDirectoryTestSuite.java:112)
at org.apache.maven.surefire.testng.TestNGDirectoryTestSuite.execute(TestNGDirectoryTestSuite.java:99)
at org.apache.maven.surefire.testng.TestNGProvider.invoke(TestNGProvider.java:146)
at org.apache.maven.surefire.booter.ForkedBooter.invokeProviderInSameClassLoader(ForkedBooter.java:383)
at org.apache.maven.surefire.booter.ForkedBooter.runSuitesInProcess(ForkedBooter.java:344)
at org.apache.maven.surefire.booter.ForkedBooter.execute(ForkedBooter.java:125)
at org.apache.maven.surefire.booter.ForkedBooter.main(ForkedBooter.java:417)
]]>
            </full-stacktrace>
          </exception> <!-- java.lang.AssertionError -->
          <reporter-output>
          </reporter-output>
        </test-method> <!-- failedTest -->
        <test-method status="PASS" signature="cleanup()[pri:0, instance:TestTableDataRead.TableDataReadTest@13a57a3b]" name="cleanup" is-config="true" duration-ms="73" started-at="2018-10-14T02:50:31Z" finished-at="2018-10-14T02:50:31Z">
          <reporter-output>
          </reporter-output>
        </test-method> <!-- cleanup -->
        <test-method status="PASS" signature="SetUpDriver()[pri:0, instance:TestTableDataRead.TableDataReadTest@13a57a3b]" name="SetUpDriver" is-config="true" duration-ms="677" started-at="2018-10-14T02:50:31Z" finished-at="2018-10-14T02:50:31Z">
          <reporter-output>
          </reporter-output>
        </test-method> <!-- SetUpDriver -->
        <test-method status="PASS" signature="tableRead()[pri:0, instance:TestTableDataRead.TableDataReadTest@13a57a3b]" name="tableRead" duration-ms="9799" started-at="2018-10-14T02:50:31Z" finished-at="2018-10-14T02:50:41Z">
          <reporter-output>
          </reporter-output>
        </test-method> <!-- tableRead -->
        <test-method status="PASS" signature="cleanup()[pri:0, instance:TestTableDataRead.TableDataReadTest@13a57a3b]" name="cleanup" is-config="true" duration-ms="154" started-at="2018-10-14T02:50:41Z" finished-at="2018-10-14T02:50:41Z">
          <reporter-output>
          </reporter-output>
        </test-method> <!-- cleanup -->
      </class> <!-- TestTableDataRead.TableDataReadTest -->
    </test> <!-- Surefire test -->
  </suite> <!-- Surefire suite -->
</testng-results>
